<?xml version="1.0" encoding="utf-8"?><testsuites><testsuite name="pytest" errors="0" failures="0" skipped="0" tests="3" time="1.643" timestamp="2026-01-06T16:17:12.822402+00:00" hostname="docker-desktop"><testcase classname="tests.selenium.test_e2e" name="test_homepage_opens" time="0.586" /><testcase classname="tests.selenium.test_e2e" name="test_login_page_opens" time="0.509" /><testcase classname="tests.selenium.test_e2e" name="test_register_page_opens" time="0.478" /></testsuite></testsuites>